{
  "stats": {
    "suites": 1,
    "tests": 2,
    "passes": 2,
    "pending": 0,
    "failures": 0,
    "start": "2025-01-04T07:16:37.091Z",
    "end": "2025-01-04T07:16:44.677Z",
    "duration": 7586,
    "testsRegistered": 2,
    "passPercent": 100,
    "pendingPercent": 0,
    "other": 0,
    "hasOther": false,
    "skipped": 0,
    "hasSkipped": false
  },
  "results": [
    {
      "uuid": "1545324a-2abb-442b-b144-f9a4057b2d2c",
      "title": "",
      "fullFile": "C:\\Users\\deast\\Work\\deastyjesica\\folkatech_deasty\\test\\login.js",
      "file": "\\test\\login.js",
      "beforeHooks": [],
      "afterHooks": [],
      "tests": [],
      "suites": [
        {
          "uuid": "79168d8d-cfe0-475e-a80c-c70c04b0e3e1",
          "title": "Folkatech",
          "fullFile": "C:\\Users\\deast\\Work\\deastyjesica\\folkatech_deasty\\test\\login.js",
          "file": "\\test\\login.js",
          "beforeHooks": [],
          "afterHooks": [],
          "tests": [
            {
              "title": "1. Login with Valid Credential",
              "fullTitle": "Folkatech 1. Login with Valid Credential",
              "timedOut": false,
              "duration": 4106,
              "state": "passed",
              "speed": "slow",
              "pass": true,
              "fail": false,
              "pending": false,
              "context": null,
              "code": "const chai = await import('chai');\nchai.should();\nlet driver = await new Builder().forBrowser('chrome').build();\nawait driver.get('https://lapor.folkatech.com/');\nawait driver.manage().window().maximize();     \nawait driver.findElement(By.xpath(\"//input[@type='email']\")).sendKeys(\"admin@example.com\");\nawait driver.findElement(By.xpath(\"//input[@type='password']\")).sendKeys(\"password\");\nawait driver.findElement(By.xpath(\"//button[@type='submit']\")).click();\nawait driver.wait(until.elementsLocated(By.xpath(\"//h3[@class='mb-3' and text()='Dashboard']\")), 5000);\nawait takeScreenshot(driver, './login-valid.png')\n\nawait driver.quit();",
              "err": {},
              "uuid": "df965b39-2380-422d-ace1-6c2dacb66c1c",
              "parentUUID": "79168d8d-cfe0-475e-a80c-c70c04b0e3e1",
              "isHook": false,
              "skipped": false
            },
            {
              "title": "2. Login with Invalid Credential",
              "fullTitle": "Folkatech 2. Login with Invalid Credential",
              "timedOut": false,
              "duration": 3476,
              "state": "passed",
              "speed": "slow",
              "pass": true,
              "fail": false,
              "pending": false,
              "context": null,
              "code": "const chai = await import('chai');\nchai.should();\nlet driver = await new Builder().forBrowser('chrome').build();\nawait driver.get('https://lapor.folkatech.com/');\nawait driver.manage().window().maximize();     \nawait driver.findElement(By.xpath(\"//input[@type='email']\")).sendKeys(\"admin123@example.com\");\nawait driver.findElement(By.xpath(\"//input[@type='password']\")).sendKeys(\"password123\");\nawait driver.findElement(By.xpath(\"//button[@type='submit']\")).click();\nawait driver.wait(until.elementsLocated(By.xpath(\"//label[@role='alert' and text()='Login Gagal! Akun tidak ada.']\")), 5000);\nawait takeScreenshot(driver, './error-login-invalid.png');\nawait driver.quit();",
              "err": {},
              "uuid": "b4e40a78-a3e5-44f8-84b6-22061e2d761f",
              "parentUUID": "79168d8d-cfe0-475e-a80c-c70c04b0e3e1",
              "isHook": false,
              "skipped": false
            }
          ],
          "suites": [],
          "passes": [
            "df965b39-2380-422d-ace1-6c2dacb66c1c",
            "b4e40a78-a3e5-44f8-84b6-22061e2d761f"
          ],
          "failures": [],
          "pending": [],
          "skipped": [],
          "duration": 7582,
          "root": false,
          "rootEmpty": false,
          "_timeout": 10000
        }
      ],
      "passes": [],
      "failures": [],
      "pending": [],
      "skipped": [],
      "duration": 0,
      "root": true,
      "rootEmpty": true,
      "_timeout": 0
    }
  ],
  "meta": {
    "mocha": {
      "version": "11.0.1"
    },
    "mochawesome": {
      "options": {
        "quiet": false,
        "reportFilename": "mochawesome",
        "saveHtml": true,
        "saveJson": true,
        "consoleReporter": "spec",
        "useInlineDiffs": false,
        "code": true
      },
      "version": "7.1.3"
    },
    "marge": {
      "options": {
        "reportDir": "C:/Users/deast/Work/deastyjesica/folkatech_deasty/report_result"
      },
      "version": "6.2.0"
    }
  }
}